
> pwd-manager@1.0.0 start
> concurrently "npm run start:backend" "npm run start:frontend"

[0] 
[0] > pwd-manager@1.0.0 start:backend
[0] > nodemon server.js
[0] 
[1] 
[1] > pwd-manager@1.0.0 start:frontend
[1] > cd frontend && react-app-rewired start
[1] 
[0] [33m[nodemon] 3.0.2[39m
[0] [33m[nodemon] to restart at any time, enter `rs`[39m
[0] [33m[nodemon] watching path(s): *.*[39m
[0] [33m[nodemon] watching extensions: js,mjs,cjs,json[39m
[0] [32m[nodemon] starting `node server.js`[39m
[0] Started Backend Server
[0] Server is running on HTTPS port https://safekey.gg:5000/'
[0] MongoDB connected
[1] (node:2688) [DEP_WEBPACK_DEV_SERVER_ON_AFTER_SETUP_MIDDLEWARE] DeprecationWarning: 'onAfterSetupMiddleware' option is deprecated. Please use the 'setupMiddlewares' option.
[1] (Use `node --trace-deprecation ...` to show where the warning was created)
[1] (node:2688) [DEP_WEBPACK_DEV_SERVER_ON_BEFORE_SETUP_MIDDLEWARE] DeprecationWarning: 'onBeforeSetupMiddleware' option is deprecated. Please use the 'setupMiddlewares' option.
[1] Starting the development server...
[1] 
[1] Compiled successfully!
[1] 
[1] You can now view frontend in the browser.
[1] 
[1]   http://localhost:3000
[1] 
[1] Note that the development build is not optimized.
[1] To create a production build, use npm run build.
[1] 
[1] webpack compiled successfully
[1] Compiling...
[1] Compiled successfully!
[1] webpack compiled successfully
[0] [32m[nodemon] restarting child process[39m
[0] [32m[nodemon] starting `node server.js`[39m
[1] npm run start:frontend exited with code SIGHUP
[0] Started Backend Server
[0] Server is running on HTTPS port https://safekey.gg:5000/'
[0] MongoDB connected
[0] Login Email sent successfully!  {
[0]   accepted: [ 'cjstockx@gmail.com' ],
[0]   rejected: [],
[0]   ehlo: [
[0]     'AUTH PLAIN LOGIN',
[0]     'SIZE 52428800',
[0]     '8BITMIME',
[0]     'SMTPUTF8',
[0]     'PIPELINING'
[0]   ],
[0]   envelopeTime: 41,
[0]   messageTime: 69,
[0]   messageSize: 2712,
[0]   response: '250 Great success',
[0]   envelope: { from: 'noreply@noreply.safekey.gg', to: [ 'cjstockx@gmail.com' ] },
[0]   messageId: '<86d1e477-52cc-f889-6f67-27477db19c79@noreply.safekey.gg>'
[0] }
[0] user:  {
[0]   emailNotifications: { loginNotification: true },
[0]   _id: new ObjectId('65e8dc1273c0b5c4d3d62595'),
[0]   username: 'cjstockx@gmail.com',
[0]   password: '$2b$10$RuUHwSUQlcwbHLfSZltAv.CGtk49Z.EIalCDIubWdnmqtZI3Zj6eG',
[0]   mfaSecret: '',
[0]   tempSecret: '',
[0]   mfaEnabled: false,
[0]   emailMFAEnabled: false,
[0]   emailMFAVerificationCode: '',
[0]   verificationCode: '',
[0]   verificationCodeExpiresAt: null,
[0]   resetToken: '',
[0]   resetTokenExpiration: null,
[0]   emailNotification: { loginNotification: true },
[0]   __v: 0
[0] }
[0] { loginNotification: true }
[0] user:  {
[0]   emailNotifications: { loginNotification: true },
[0]   _id: new ObjectId('65e8dc1273c0b5c4d3d62595'),
[0]   username: 'cjstockx@gmail.com',
[0]   password: '$2b$10$RuUHwSUQlcwbHLfSZltAv.CGtk49Z.EIalCDIubWdnmqtZI3Zj6eG',
[0]   mfaSecret: '',
[0]   tempSecret: '',
[0]   mfaEnabled: false,
[0]   emailMFAEnabled: false,
[0]   emailMFAVerificationCode: '',
[0]   verificationCode: '',
[0]   verificationCodeExpiresAt: null,
[0]   resetToken: '',
[0]   resetTokenExpiration: null,
[0]   emailNotification: { loginNotification: true },
[0]   __v: 0
[0] }
[0] { loginNotification: true }
[0] Verification email sent successfully!
[0] Verification email sent successfully!
[0] Verification email sent successfully!
[0] Pass123!
[0] Pass123!
[0] Login Email sent successfully!  {
[0]   accepted: [ 'safekeycustomer@gmail.com' ],
[0]   rejected: [],
[0]   ehlo: [
[0]     'AUTH PLAIN LOGIN',
[0]     'SIZE 52428800',
[0]     '8BITMIME',
[0]     'SMTPUTF8',
[0]     'PIPELINING'
[0]   ],
[0]   envelopeTime: 33,
[0]   messageTime: 68,
[0]   messageSize: 2738,
[0]   response: '250 Great success',
[0]   envelope: {
[0]     from: 'noreply@noreply.safekey.gg',
[0]     to: [ 'safekeycustomer@gmail.com' ]
[0]   },
[0]   messageId: '<53f79da1-a146-808f-9fae-5d55f8603298@noreply.safekey.gg>'
[0] }
[0] Login Email sent successfully!  {
[0]   accepted: [ 'safekeycustomer@gmail.com' ],
[0]   rejected: [],
[0]   ehlo: [
[0]     'AUTH PLAIN LOGIN',
[0]     'SIZE 52428800',
[0]     '8BITMIME',
[0]     'SMTPUTF8',
[0]     'PIPELINING'
[0]   ],
[0]   envelopeTime: 31,
[0]   messageTime: 20,
[0]   messageSize: 2738,
[0]   response: '250 Great success',
[0]   envelope: {
[0]     from: 'noreply@noreply.safekey.gg',
[0]     to: [ 'safekeycustomer@gmail.com' ]
[0]   },
[0]   messageId: '<17b2c102-1691-2807-1166-039d4f8faed5@noreply.safekey.gg>'
[0] }
[0] user:  {
[0]   emailNotifications: { loginNotification: true },
[0]   _id: new ObjectId('66219aad988b861262842615'),
[0]   username: 'safekeycustomer@gmail.com',
[0]   password: '$2b$10$nI5M1ZKzrvsvvHmAt2r48OUfkTXr.Q2tFVJcN6Xc1mV4oYtseOH9W',
[0]   mfaSecret: '',
[0]   tempSecret: '',
[0]   mfaEnabled: false,
[0]   emailMFAEnabled: false,
[0]   emailMFAVerificationCode: '',
[0]   verificationCode: '',
[0]   verificationCodeExpiresAt: null,
[0]   resetToken: '',
[0]   resetTokenExpiration: null,
[0]   __v: 0
[0] }
[0] { loginNotification: true }
[0] user:  {
[0]   emailNotifications: { loginNotification: true },
[0]   _id: new ObjectId('66219aad988b861262842615'),
[0]   username: 'safekeycustomer@gmail.com',
[0]   password: '$2b$10$nI5M1ZKzrvsvvHmAt2r48OUfkTXr.Q2tFVJcN6Xc1mV4oYtseOH9W',
[0]   mfaSecret: '',
[0]   tempSecret: '',
[0]   mfaEnabled: false,
[0]   emailMFAEnabled: true,
[0]   emailMFAVerificationCode: '579590',
[0]   verificationCode: '',
[0]   verificationCodeExpiresAt: null,
[0]   resetToken: '',
[0]   resetTokenExpiration: null,
[0]   __v: 0
[0] }
[0] { loginNotification: true }
[0] user:  {
[0]   emailNotifications: { loginNotification: true },
[0]   _id: new ObjectId('66219aad988b861262842615'),
[0]   username: 'safekeycustomer@gmail.com',
[0]   password: '$2b$10$nI5M1ZKzrvsvvHmAt2r48OUfkTXr.Q2tFVJcN6Xc1mV4oYtseOH9W',
[0]   mfaSecret: '',
[0]   tempSecret: '',
[0]   mfaEnabled: false,
[0]   emailMFAEnabled: true,
[0]   emailMFAVerificationCode: '579590',
[0]   verificationCode: '',
[0]   verificationCodeExpiresAt: null,
[0]   resetToken: '',
[0]   resetTokenExpiration: null,
[0]   __v: 0
[0] }
[0] { loginNotification: true }
[0] user:  {
[0]   emailNotifications: { loginNotification: true },
[0]   _id: new ObjectId('66219aad988b861262842615'),
[0]   username: 'safekeycustomer@gmail.com',
[0]   password: '$2b$10$nI5M1ZKzrvsvvHmAt2r48OUfkTXr.Q2tFVJcN6Xc1mV4oYtseOH9W',
[0]   mfaSecret: '',
[0]   tempSecret: '',
[0]   mfaEnabled: false,
[0]   emailMFAEnabled: true,
[0]   emailMFAVerificationCode: '580038',
[0]   verificationCode: '',
[0]   verificationCodeExpiresAt: null,
[0]   resetToken: '',
[0]   resetTokenExpiration: null,
[0]   __v: 0
[0] }
[0] { loginNotification: true }
[0] [32m[nodemon] restarting child process[39m
[0] npm run start:backend exited with code SIGHUP

> pwd-manager@1.0.0 start
> concurrently "npm run start:backend" "npm run start:frontend"

[1] 
[1] > pwd-manager@1.0.0 start:frontend
[1] > cd frontend && react-app-rewired start
[1] 
[0] 
[0] > pwd-manager@1.0.0 start:backend
[0] > nodemon server.js
[0] 
[0] [33m[nodemon] 3.0.2[39m
[0] [33m[nodemon] to restart at any time, enter `rs`[39m
[0] [33m[nodemon] watching path(s): *.*[39m
[0] [33m[nodemon] watching extensions: js,mjs,cjs,json[39m
[0] [32m[nodemon] starting `node server.js`[39m
[0] Started Backend Server
[0] Server is running on HTTPS port https://safekey.gg:5000/'
[0] MongoDB connected
[1] (node:37056) [DEP_WEBPACK_DEV_SERVER_ON_AFTER_SETUP_MIDDLEWARE] DeprecationWarning: 'onAfterSetupMiddleware' option is deprecated. Please use the 'setupMiddlewares' option.
[1] (Use `node --trace-deprecation ...` to show where the warning was created)
[1] (node:37056) [DEP_WEBPACK_DEV_SERVER_ON_BEFORE_SETUP_MIDDLEWARE] DeprecationWarning: 'onBeforeSetupMiddleware' option is deprecated. Please use the 'setupMiddlewares' option.
[1] Starting the development server...
[1] 
[1] Compiled successfully!
[1] 
[1] You can now view frontend in the browser.
[1] 
[1]   http://localhost:3000
[1] 
[1] Note that the development build is not optimized.
[1] To create a production build, use npm run build.
[1] 
[1] webpack compiled successfully
[0] [32m[nodemon] restarting child process[39m
[0] [32m[nodemon] starting `node server.js`[39m
[1] npm run start:frontend exited with code SIGHUP
[0] Started Backend Server
[0] Server is running on HTTPS port https://safekey.gg:5000/'
[0] MongoDB connected
[0] eyJhbGciOiJIUzI1NiIsInR5cCI6IkpXVCJ9.eyJ1c2VySWQiOiI2NjIxOWFhZDk4OGI4NjEyNjI4NDI2MTUiLCJ1c2VybmFtZSI6InNhZmVrZXljdXN0b21lckBnbWFpbC5jb20iLCJpYXQiOjE3MTM0NzgzODF9._exEux7Wg_4QDD3sKUxYineZjhpBA-rl16v59p4fzyU
[0] tessssxxx {
[0]   userId: '66219aad988b861262842615',
[0]   username: 'safekeycustomer@gmail.com',
[0]   iat: 1713478381
[0] }
[0] eyJhbGciOiJIUzI1NiIsInR5cCI6IkpXVCJ9.eyJ1c2VySWQiOiI2NjIxOWFhZDk4OGI4NjEyNjI4NDI2MTUiLCJ1c2VybmFtZSI6InNhZmVrZXljdXN0b21lckBnbWFpbC5jb20iLCJpYXQiOjE3MTM0NzgzODF9._exEux7Wg_4QDD3sKUxYineZjhpBA-rl16v59p4fzyU
[0] tessssxxx {
[0]   userId: '66219aad988b861262842615',
[0]   username: 'safekeycustomer@gmail.com',
[0]   iat: 1713478381
[0] }
[0] eyJhbGciOiJIUzI1NiIsInR5cCI6IkpXVCJ9.eyJ1c2VySWQiOiI2NjIxOWFhZDk4OGI4NjEyNjI4NDI2MTUiLCJ1c2VybmFtZSI6InNhZmVrZXljdXN0b21lckBnbWFpbC5jb20iLCJpYXQiOjE3MTM0NzgzODF9._exEux7Wg_4QDD3sKUxYineZjhpBA-rl16v59p4fzyU
[0] tessssxxx {
[0]   userId: '66219aad988b861262842615',
[0]   username: 'safekeycustomer@gmail.com',
[0]   iat: 1713478381
[0] }
[0] user:  {
[0]   emailNotifications: { loginNotification: true },
[0]   _id: new ObjectId('66219aad988b861262842615'),
[0]   username: 'safekeycustomer@gmail.com',
[0]   password: '$2b$10$nI5M1ZKzrvsvvHmAt2r48OUfkTXr.Q2tFVJcN6Xc1mV4oYtseOH9W',
[0]   mfaSecret: 'LM4UQY3ZORXD46J7JZQTUQCSMJKTSWTJ',
[0]   tempSecret: '',
[0]   mfaEnabled: false,
[0]   emailMFAEnabled: false,
[0]   emailMFAVerificationCode: '',
[0]   verificationCode: '',
[0]   verificationCodeExpiresAt: null,
[0]   resetToken: '',
[0]   resetTokenExpiration: null,
[0]   __v: 0
[0] }
[0] { loginNotification: true }
[0] eyJhbGciOiJIUzI1NiIsInR5cCI6IkpXVCJ9.eyJ1c2VySWQiOiI2NjIxOWFhZDk4OGI4NjEyNjI4NDI2MTUiLCJ1c2VybmFtZSI6InNhZmVrZXljdXN0b21lckBnbWFpbC5jb20iLCJpYXQiOjE3MTM0NzgzODF9._exEux7Wg_4QDD3sKUxYineZjhpBA-rl16v59p4fzyU
[0] tessssxxx {
[0]   userId: '66219aad988b861262842615',
[0]   username: 'safekeycustomer@gmail.com',
[0]   iat: 1713478381
[0] }
[0] eyJhbGciOiJIUzI1NiIsInR5cCI6IkpXVCJ9.eyJ1c2VySWQiOiI2NjIxOWFhZDk4OGI4NjEyNjI4NDI2MTUiLCJ1c2VybmFtZSI6InNhZmVrZXljdXN0b21lckBnbWFpbC5jb20iLCJpYXQiOjE3MTM0NzgzODF9._exEux7Wg_4QDD3sKUxYineZjhpBA-rl16v59p4fzyU
[0] tessssxxx {
[0]   userId: '66219aad988b861262842615',
[0]   username: 'safekeycustomer@gmail.com',
[0]   iat: 1713478381
[0] }
[0] eyJhbGciOiJIUzI1NiIsInR5cCI6IkpXVCJ9.eyJ1c2VySWQiOiI2NjIxOWFhZDk4OGI4NjEyNjI4NDI2MTUiLCJ1c2VybmFtZSI6InNhZmVrZXljdXN0b21lckBnbWFpbC5jb20iLCJpYXQiOjE3MTM0NzgzODF9._exEux7Wg_4QDD3sKUxYineZjhpBA-rl16v59p4fzyU
[0] tessssxxx {
[0]   userId: '66219aad988b861262842615',
[0]   username: 'safekeycustomer@gmail.com',
[0]   iat: 1713478381
[0] }
[0] user:  {
[0]   emailNotifications: { loginNotification: true },
[0]   _id: new ObjectId('66219aad988b861262842615'),
[0]   username: 'safekeycustomer@gmail.com',
[0]   password: '$2b$10$nI5M1ZKzrvsvvHmAt2r48OUfkTXr.Q2tFVJcN6Xc1mV4oYtseOH9W',
[0]   mfaSecret: 'LM4UQY3ZORXD46J7JZQTUQCSMJKTSWTJ',
[0]   tempSecret: '',
[0]   mfaEnabled: false,
[0]   emailMFAEnabled: false,
[0]   emailMFAVerificationCode: '',
[0]   verificationCode: '',
[0]   verificationCodeExpiresAt: null,
[0]   resetToken: '',
[0]   resetTokenExpiration: null,
[0]   __v: 0
[0] }
[0] { loginNotification: true }
[0] eyJhbGciOiJIUzI1NiIsInR5cCI6IkpXVCJ9.eyJ1c2VySWQiOiI2NjIxOWFhZDk4OGI4NjEyNjI4NDI2MTUiLCJ1c2VybmFtZSI6InNhZmVrZXljdXN0b21lckBnbWFpbC5jb20iLCJpYXQiOjE3MTM0NzgzODF9._exEux7Wg_4QDD3sKUxYineZjhpBA-rl16v59p4fzyU
[0] tessssxxx {
[0]   userId: '66219aad988b861262842615',
[0]   username: 'safekeycustomer@gmail.com',
[0]   iat: 1713478381
[0] }
[0] eyJhbGciOiJIUzI1NiIsInR5cCI6IkpXVCJ9.eyJ1c2VySWQiOiI2NjIxOWFhZDk4OGI4NjEyNjI4NDI2MTUiLCJ1c2VybmFtZSI6InNhZmVrZXljdXN0b21lckBnbWFpbC5jb20iLCJpYXQiOjE3MTM0NzgzODF9._exEux7Wg_4QDD3sKUxYineZjhpBA-rl16v59p4fzyU
[0] tessssxxx {
[0]   userId: '66219aad988b861262842615',
[0]   username: 'safekeycustomer@gmail.com',
[0]   iat: 1713478381
[0] }
[0] eyJhbGciOiJIUzI1NiIsInR5cCI6IkpXVCJ9.eyJ1c2VySWQiOiI2NjIxOWFhZDk4OGI4NjEyNjI4NDI2MTUiLCJ1c2VybmFtZSI6InNhZmVrZXljdXN0b21lckBnbWFpbC5jb20iLCJpYXQiOjE3MTM0NzgzODF9._exEux7Wg_4QDD3sKUxYineZjhpBA-rl16v59p4fzyU
[0] tessssxxx {
[0]   userId: '66219aad988b861262842615',
[0]   username: 'safekeycustomer@gmail.com',
[0]   iat: 1713478381
[0] }
[0] eyJhbGciOiJIUzI1NiIsInR5cCI6IkpXVCJ9.eyJ1c2VySWQiOiI2NjIxOWFhZDk4OGI4NjEyNjI4NDI2MTUiLCJ1c2VybmFtZSI6InNhZmVrZXljdXN0b21lckBnbWFpbC5jb20iLCJpYXQiOjE3MTM0NzgzODF9._exEux7Wg_4QDD3sKUxYineZjhpBA-rl16v59p4fzyU
[0] tessssxxx {
[0]   userId: '66219aad988b861262842615',
[0]   username: 'safekeycustomer@gmail.com',
[0]   iat: 1713478381
[0] }
[0] eyJhbGciOiJIUzI1NiIsInR5cCI6IkpXVCJ9.eyJ1c2VySWQiOiI2NjIxOWFhZDk4OGI4NjEyNjI4NDI2MTUiLCJ1c2VybmFtZSI6InNhZmVrZXljdXN0b21lckBnbWFpbC5jb20iLCJpYXQiOjE3MTM0NzgzODF9._exEux7Wg_4QDD3sKUxYineZjhpBA-rl16v59p4fzyU
[0] tessssxxx {
[0]   userId: '66219aad988b861262842615',
[0]   username: 'safekeycustomer@gmail.com',
[0]   iat: 1713478381
[0] }
[0] eyJhbGciOiJIUzI1NiIsInR5cCI6IkpXVCJ9.eyJ1c2VySWQiOiI2NjIxOWFhZDk4OGI4NjEyNjI4NDI2MTUiLCJ1c2VybmFtZSI6InNhZmVrZXljdXN0b21lckBnbWFpbC5jb20iLCJpYXQiOjE3MTM0NzgzODF9._exEux7Wg_4QDD3sKUxYineZjhpBA-rl16v59p4fzyU
[0] tessssxxx {
[0]   userId: '66219aad988b861262842615',
[0]   username: 'safekeycustomer@gmail.com',
[0]   iat: 1713478381
[0] }
[0] eyJhbGciOiJIUzI1NiIsInR5cCI6IkpXVCJ9.eyJ1c2VySWQiOiI2NjIxOWFhZDk4OGI4NjEyNjI4NDI2MTUiLCJ1c2VybmFtZSI6InNhZmVrZXljdXN0b21lckBnbWFpbC5jb20iLCJpYXQiOjE3MTM3MjAyMzl9.XlRmmkWVG_WNJ-4E19UGpIwFEEqSLlyqGSqVoOmbTEs
[0] tessssxxx {
[0]   userId: '66219aad988b861262842615',
[0]   username: 'safekeycustomer@gmail.com',
[0]   iat: 1713720239
[0] }
[0] eyJhbGciOiJIUzI1NiIsInR5cCI6IkpXVCJ9.eyJ1c2VySWQiOiI2NjIxOWFhZDk4OGI4NjEyNjI4NDI2MTUiLCJ1c2VybmFtZSI6InNhZmVrZXljdXN0b21lckBnbWFpbC5jb20iLCJpYXQiOjE3MTM3MjAyODF9.kb-J8OyUq_kP5H50lf1cgssavYPR2jXEuQ251p8sJzc
[0] tessssxxx {
[0]   userId: '66219aad988b861262842615',
[0]   username: 'safekeycustomer@gmail.com',
[0]   iat: 1713720281
[0] }
[0] eyJhbGciOiJIUzI1NiIsInR5cCI6IkpXVCJ9.eyJ1c2VySWQiOiI2NjIxOWFhZDk4OGI4NjEyNjI4NDI2MTUiLCJ1c2VybmFtZSI6InNhZmVrZXljdXN0b21lckBnbWFpbC5jb20iLCJpYXQiOjE3MTM3MjAyODF9.kb-J8OyUq_kP5H50lf1cgssavYPR2jXEuQ251p8sJzc
[0] tessssxxx {
[0]   userId: '66219aad988b861262842615',
[0]   username: 'safekeycustomer@gmail.com',
[0]   iat: 1713720281
[0] }
[0] eyJhbGciOiJIUzI1NiIsInR5cCI6IkpXVCJ9.eyJ1c2VySWQiOiI2NjIxOWFhZDk4OGI4NjEyNjI4NDI2MTUiLCJ1c2VybmFtZSI6InNhZmVrZXljdXN0b21lckBnbWFpbC5jb20iLCJpYXQiOjE3MTM3MjAzOTJ9.o1CxhdCtbw7ak4-9YTa-c2bOGl9K4bJ1kt7SmzmFFpg
[0] tessssxxx {
[0]   userId: '66219aad988b861262842615',
[0]   username: 'safekeycustomer@gmail.com',
[0]   iat: 1713720392
[0] }
[0] eyJhbGciOiJIUzI1NiIsInR5cCI6IkpXVCJ9.eyJ1c2VySWQiOiI2NjIxOWFhZDk4OGI4NjEyNjI4NDI2MTUiLCJ1c2VybmFtZSI6InNhZmVrZXljdXN0b21lckBnbWFpbC5jb20iLCJpYXQiOjE3MTM3MjAzOTJ9.o1CxhdCtbw7ak4-9YTa-c2bOGl9K4bJ1kt7SmzmFFpg
[0] tessssxxx {
[0]   userId: '66219aad988b861262842615',
[0]   username: 'safekeycustomer@gmail.com',
[0]   iat: 1713720392
[0] }
[0] eyJhbGciOiJIUzI1NiIsInR5cCI6IkpXVCJ9.eyJ1c2VySWQiOiI2NjIxOWFhZDk4OGI4NjEyNjI4NDI2MTUiLCJ1c2VybmFtZSI6InNhZmVrZXljdXN0b21lckBnbWFpbC5jb20iLCJpYXQiOjE3MTM3MjA1MjF9.D2ykVYRJItYR1itJXBzbqK0qJb687AVRQmuJbyqRR3s
[0] tessssxxx {
[0]   userId: '66219aad988b861262842615',
[0]   username: 'safekeycustomer@gmail.com',
[0]   iat: 1713720521
[0] }
[0] eyJhbGciOiJIUzI1NiIsInR5cCI6IkpXVCJ9.eyJ1c2VySWQiOiI2NjIxOWFhZDk4OGI4NjEyNjI4NDI2MTUiLCJ1c2VybmFtZSI6InNhZmVrZXljdXN0b21lckBnbWFpbC5jb20iLCJpYXQiOjE3MTM3MjA1MjF9.D2ykVYRJItYR1itJXBzbqK0qJb687AVRQmuJbyqRR3s
[0] tessssxxx {
[0]   userId: '66219aad988b861262842615',
[0]   username: 'safekeycustomer@gmail.com',
[0]   iat: 1713720521
[0] }
[0] eyJhbGciOiJIUzI1NiIsInR5cCI6IkpXVCJ9.eyJ1c2VySWQiOiI2NjIxOWFhZDk4OGI4NjEyNjI4NDI2MTUiLCJ1c2VybmFtZSI6InNhZmVrZXljdXN0b21lckBnbWFpbC5jb20iLCJpYXQiOjE3MTM3MjA1MjF9.D2ykVYRJItYR1itJXBzbqK0qJb687AVRQmuJbyqRR3s
[0] tessssxxx {
[0]   userId: '66219aad988b861262842615',
[0]   username: 'safekeycustomer@gmail.com',
[0]   iat: 1713720521
[0] }
[0] eyJhbGciOiJIUzI1NiIsInR5cCI6IkpXVCJ9.eyJ1c2VySWQiOiI2NjIxOWFhZDk4OGI4NjEyNjI4NDI2MTUiLCJ1c2VybmFtZSI6InNhZmVrZXljdXN0b21lckBnbWFpbC5jb20iLCJpYXQiOjE3MTM3MjA1MjF9.D2ykVYRJItYR1itJXBzbqK0qJb687AVRQmuJbyqRR3s
[0] tessssxxx {
[0]   userId: '66219aad988b861262842615',
[0]   username: 'safekeycustomer@gmail.com',
[0]   iat: 1713720521
[0] }
[0] eyJhbGciOiJIUzI1NiIsInR5cCI6IkpXVCJ9.eyJ1c2VySWQiOiI2NjIxOWFhZDk4OGI4NjEyNjI4NDI2MTUiLCJ1c2VybmFtZSI6InNhZmVrZXljdXN0b21lckBnbWFpbC5jb20iLCJpYXQiOjE3MTM3MjA1MjF9.D2ykVYRJItYR1itJXBzbqK0qJb687AVRQmuJbyqRR3s
[0] tessssxxx {
[0]   userId: '66219aad988b861262842615',
[0]   username: 'safekeycustomer@gmail.com',
[0]   iat: 1713720521
[0] }
[0] user:  {
[0]   emailNotifications: { loginNotification: true },
[0]   _id: new ObjectId('66219aad988b861262842615'),
[0]   username: 'safekeycustomer@gmail.com',
[0]   password: '$2b$10$nI5M1ZKzrvsvvHmAt2r48OUfkTXr.Q2tFVJcN6Xc1mV4oYtseOH9W',
[0]   mfaSecret: 'EU7GOVZWNRRVKRZEGBEW6RSXMU4DCOSB',
[0]   tempSecret: '',
[0]   mfaEnabled: true,
[0]   emailMFAEnabled: false,
[0]   emailMFAVerificationCode: '',
[0]   verificationCode: '',
[0]   verificationCodeExpiresAt: null,
[0]   resetToken: '',
[0]   resetTokenExpiration: null,
[0]   __v: 0
[0] }
[0] { loginNotification: true }
[0] eyJhbGciOiJIUzI1NiIsInR5cCI6IkpXVCJ9.eyJ1c2VySWQiOiI2NjIxOWFhZDk4OGI4NjEyNjI4NDI2MTUiLCJ1c2VybmFtZSI6InNhZmVrZXljdXN0b21lckBnbWFpbC5jb20iLCJpYXQiOjE3MTM3MjAzOTJ9.o1CxhdCtbw7ak4-9YTa-c2bOGl9K4bJ1kt7SmzmFFpg
[0] tessssxxx {
[0]   userId: '66219aad988b861262842615',
[0]   username: 'safekeycustomer@gmail.com',
[0]   iat: 1713720392
[0] }
[0] eyJhbGciOiJIUzI1NiIsInR5cCI6IkpXVCJ9.eyJ1c2VySWQiOiI2NWU4ZGMxMjczYzBiNWM0ZDNkNjI1OTUiLCJ1c2VybmFtZSI6ImNqc3RvY2t4QGdtYWlsLmNvbSIsImlhdCI6MTcxMzkwMjU2MX0.BjVZfk0Y0_MzGd4ntTvER0YMnyUGQ8Llq_zsslxibHw
[0] tessssxxx {
[0]   userId: '65e8dc1273c0b5c4d3d62595',
[0]   username: 'cjstockx@gmail.com',
[0]   iat: 1713902561
[0] }
[0] eyJhbGciOiJIUzI1NiIsInR5cCI6IkpXVCJ9.eyJ1c2VySWQiOiI2NWU4ZGMxMjczYzBiNWM0ZDNkNjI1OTUiLCJ1c2VybmFtZSI6ImNqc3RvY2t4QGdtYWlsLmNvbSIsImlhdCI6MTcxMzkwMjU2MX0.BjVZfk0Y0_MzGd4ntTvER0YMnyUGQ8Llq_zsslxibHw undefined
[0] eyJhbGciOiJIUzI1NiIsInR5cCI6IkpXVCJ9.eyJ1c2VySWQiOiI2NWU4ZGMxMjczYzBiNWM0ZDNkNjI1OTUiLCJ1c2VybmFtZSI6ImNqc3RvY2t4QGdtYWlsLmNvbSIsImlhdCI6MTcxMzkwMjU2MX0.BjVZfk0Y0_MzGd4ntTvER0YMnyUGQ8Llq_zsslxibHw
[0] tessssxxx {
[0]   userId: '65e8dc1273c0b5c4d3d62595',
[0]   username: 'cjstockx@gmail.com',
[0]   iat: 1713902561
[0] }
[0] eyJhbGciOiJIUzI1NiIsInR5cCI6IkpXVCJ9.eyJ1c2VySWQiOiI2NWU4ZGMxMjczYzBiNWM0ZDNkNjI1OTUiLCJ1c2VybmFtZSI6ImNqc3RvY2t4QGdtYWlsLmNvbSIsImlhdCI6MTcxMzkwMjU2MX0.BjVZfk0Y0_MzGd4ntTvER0YMnyUGQ8Llq_zsslxibHw
[0] tessssxxx {
[0]   userId: '65e8dc1273c0b5c4d3d62595',
[0]   username: 'cjstockx@gmail.com',
[0]   iat: 1713902561
[0] }
[0] eyJhbGciOiJIUzI1NiIsInR5cCI6IkpXVCJ9.eyJ1c2VySWQiOiI2NWU4ZGMxMjczYzBiNWM0ZDNkNjI1OTUiLCJ1c2VybmFtZSI6ImNqc3RvY2t4QGdtYWlsLmNvbSIsImlhdCI6MTcxMzkwMjU2MX0.BjVZfk0Y0_MzGd4ntTvER0YMnyUGQ8Llq_zsslxibHw
[0] tessssxxx {
[0]   userId: '65e8dc1273c0b5c4d3d62595',
[0]   username: 'cjstockx@gmail.com',
[0]   iat: 1713902561
[0] }
[0] eyJhbGciOiJIUzI1NiIsInR5cCI6IkpXVCJ9.eyJ1c2VySWQiOiI2NWU4ZGMxMjczYzBiNWM0ZDNkNjI1OTUiLCJ1c2VybmFtZSI6ImNqc3RvY2t4QGdtYWlsLmNvbSIsImlhdCI6MTcxMzkwMjU2MX0.BjVZfk0Y0_MzGd4ntTvER0YMnyUGQ8Llq_zsslxibHw
[0] tessssxxx {
[0]   userId: '65e8dc1273c0b5c4d3d62595',
[0]   username: 'cjstockx@gmail.com',
[0]   iat: 1713902561
[0] }
[0] user:  {
[0]   emailNotifications: { loginNotification: true },
[0]   _id: new ObjectId('65e8dc1273c0b5c4d3d62595'),
[0]   username: 'cjstockx@gmail.com',
[0]   password: '$2b$10$RuUHwSUQlcwbHLfSZltAv.CGtk49Z.EIalCDIubWdnmqtZI3Zj6eG',
[0]   mfaSecret: 'IVRG2WZXI5HECVBKMY2E4XTLIVAXM6ZB',
[0]   tempSecret: '',
[0]   mfaEnabled: false,
[0]   emailMFAEnabled: true,
[0]   emailMFAVerificationCode: '297786',
[0]   verificationCode: '',
[0]   verificationCodeExpiresAt: null,
[0]   resetToken: '',
[0]   resetTokenExpiration: null,
[0]   emailNotification: { loginNotification: true },
[0]   __v: 0
[0] }
[0] { loginNotification: true }
[0] eyJhbGciOiJIUzI1NiIsInR5cCI6IkpXVCJ9.eyJ1c2VySWQiOiI2NWU4ZGMxMjczYzBiNWM0ZDNkNjI1OTUiLCJ1c2VybmFtZSI6ImNqc3RvY2t4QGdtYWlsLmNvbSIsImlhdCI6MTcxMzkwMjU2MX0.BjVZfk0Y0_MzGd4ntTvER0YMnyUGQ8Llq_zsslxibHw
[0] tessssxxx {
[0]   userId: '65e8dc1273c0b5c4d3d62595',
[0]   username: 'cjstockx@gmail.com',
[0]   iat: 1713902561
[0] }
[0] eyJhbGciOiJIUzI1NiIsInR5cCI6IkpXVCJ9.eyJ1c2VySWQiOiI2NWU4ZGMxMjczYzBiNWM0ZDNkNjI1OTUiLCJ1c2VybmFtZSI6ImNqc3RvY2t4QGdtYWlsLmNvbSIsImlhdCI6MTcxMzkwMjU2MX0.BjVZfk0Y0_MzGd4ntTvER0YMnyUGQ8Llq_zsslxibHw
[0] tessssxxx {
[0]   userId: '65e8dc1273c0b5c4d3d62595',
[0]   username: 'cjstockx@gmail.com',
[0]   iat: 1713902561
[0] }
[0] eyJhbGciOiJIUzI1NiIsInR5cCI6IkpXVCJ9.eyJ1c2VySWQiOiI2NWU4ZGMxMjczYzBiNWM0ZDNkNjI1OTUiLCJ1c2VybmFtZSI6ImNqc3RvY2t4QGdtYWlsLmNvbSIsImlhdCI6MTcxMzkwMjU2MX0.BjVZfk0Y0_MzGd4ntTvER0YMnyUGQ8Llq_zsslxibHw
[0] tessssxxx {
[0]   userId: '65e8dc1273c0b5c4d3d62595',
[0]   username: 'cjstockx@gmail.com',
[0]   iat: 1713902561
[0] }
[0] eyJhbGciOiJIUzI1NiIsInR5cCI6IkpXVCJ9.eyJ1c2VySWQiOiI2NWU4ZGMxMjczYzBiNWM0ZDNkNjI1OTUiLCJ1c2VybmFtZSI6ImNqc3RvY2t4QGdtYWlsLmNvbSIsImlhdCI6MTcxMzkwMjU2MX0.BjVZfk0Y0_MzGd4ntTvER0YMnyUGQ8Llq_zsslxibHw
[0] tessssxxx {
[0]   userId: '65e8dc1273c0b5c4d3d62595',
[0]   username: 'cjstockx@gmail.com',
[0]   iat: 1713902561
[0] }
[0] eyJhbGciOiJIUzI1NiIsInR5cCI6IkpXVCJ9.eyJ1c2VySWQiOiI2NWU4ZGMxMjczYzBiNWM0ZDNkNjI1OTUiLCJ1c2VybmFtZSI6ImNqc3RvY2t4QGdtYWlsLmNvbSIsImlhdCI6MTcxMzkwMjU2MX0.BjVZfk0Y0_MzGd4ntTvER0YMnyUGQ8Llq_zsslxibHw
[0] tessssxxx {
[0]   userId: '65e8dc1273c0b5c4d3d62595',
[0]   username: 'cjstockx@gmail.com',
[0]   iat: 1713902561
[0] }
[0] user:  {
[0]   emailNotifications: { loginNotification: true },
[0]   _id: new ObjectId('65e8dc1273c0b5c4d3d62595'),
[0]   username: 'cjstockx@gmail.com',
[0]   password: '$2b$10$RuUHwSUQlcwbHLfSZltAv.CGtk49Z.EIalCDIubWdnmqtZI3Zj6eG',
[0]   mfaSecret: 'IVRG2WZXI5HECVBKMY2E4XTLIVAXM6ZB',
[0]   tempSecret: '',
[0]   mfaEnabled: false,
[0]   emailMFAEnabled: true,
[0]   emailMFAVerificationCode: '297786',
[0]   verificationCode: '',
[0]   verificationCodeExpiresAt: null,
[0]   resetToken: '',
[0]   resetTokenExpiration: null,
[0]   emailNotification: { loginNotification: true },
[0]   __v: 0
[0] }
[0] { loginNotification: true }
[0] eyJhbGciOiJIUzI1NiIsInR5cCI6IkpXVCJ9.eyJ1c2VySWQiOiI2NWU4ZGMxMjczYzBiNWM0ZDNkNjI1OTUiLCJ1c2VybmFtZSI6ImNqc3RvY2t4QGdtYWlsLmNvbSIsImlhdCI6MTcxMzkwMjU2MX0.BjVZfk0Y0_MzGd4ntTvER0YMnyUGQ8Llq_zsslxibHw
[0] tessssxxx {
[0]   userId: '65e8dc1273c0b5c4d3d62595',
[0]   username: 'cjstockx@gmail.com',
[0]   iat: 1713902561
[0] }
[0] eyJhbGciOiJIUzI1NiIsInR5cCI6IkpXVCJ9.eyJ1c2VySWQiOiI2NWU4ZGMxMjczYzBiNWM0ZDNkNjI1OTUiLCJ1c2VybmFtZSI6ImNqc3RvY2t4QGdtYWlsLmNvbSIsImlhdCI6MTcxMzkwMjU2MX0.BjVZfk0Y0_MzGd4ntTvER0YMnyUGQ8Llq_zsslxibHw
[0] tessssxxx {
[0]   userId: '65e8dc1273c0b5c4d3d62595',
[0]   username: 'cjstockx@gmail.com',
[0]   iat: 1713902561
[0] }
[0] eyJhbGciOiJIUzI1NiIsInR5cCI6IkpXVCJ9.eyJ1c2VySWQiOiI2NWU4ZGMxMjczYzBiNWM0ZDNkNjI1OTUiLCJ1c2VybmFtZSI6ImNqc3RvY2t4QGdtYWlsLmNvbSIsImlhdCI6MTcxMzkwMjU2MX0.BjVZfk0Y0_MzGd4ntTvER0YMnyUGQ8Llq_zsslxibHw
[0] tessssxxx {
[0]   userId: '65e8dc1273c0b5c4d3d62595',
[0]   username: 'cjstockx@gmail.com',
[0]   iat: 1713902561
[0] }
[0] eyJhbGciOiJIUzI1NiIsInR5cCI6IkpXVCJ9.eyJ1c2VySWQiOiI2NWU4ZGMxMjczYzBiNWM0ZDNkNjI1OTUiLCJ1c2VybmFtZSI6ImNqc3RvY2t4QGdtYWlsLmNvbSIsImlhdCI6MTcxMzkwMjU2MX0.BjVZfk0Y0_MzGd4ntTvER0YMnyUGQ8Llq_zsslxibHw
[0] tessssxxx {
[0]   userId: '65e8dc1273c0b5c4d3d62595',
[0]   username: 'cjstockx@gmail.com',
[0]   iat: 1713902561
[0] }
[0] eyJhbGciOiJIUzI1NiIsInR5cCI6IkpXVCJ9.eyJ1c2VySWQiOiI2NWU4ZGMxMjczYzBiNWM0ZDNkNjI1OTUiLCJ1c2VybmFtZSI6ImNqc3RvY2t4QGdtYWlsLmNvbSIsImlhdCI6MTcxMzkwMjU2MX0.BjVZfk0Y0_MzGd4ntTvER0YMnyUGQ8Llq_zsslxibHw
[0] tessssxxx {
[0]   userId: '65e8dc1273c0b5c4d3d62595',
[0]   username: 'cjstockx@gmail.com',
[0]   iat: 1713902561
[0] }
[0] eyJhbGciOiJIUzI1NiIsInR5cCI6IkpXVCJ9.eyJ1c2VySWQiOiI2NWU4ZGMxMjczYzBiNWM0ZDNkNjI1OTUiLCJ1c2VybmFtZSI6ImNqc3RvY2t4QGdtYWlsLmNvbSIsImlhdCI6MTcxMzkwMjU2MX0.BjVZfk0Y0_MzGd4ntTvER0YMnyUGQ8Llq_zsslxibHw
[0] tessssxxx {
[0]   userId: '65e8dc1273c0b5c4d3d62595',
[0]   username: 'cjstockx@gmail.com',
[0]   iat: 1713902561
[0] }
[0] eyJhbGciOiJIUzI1NiIsInR5cCI6IkpXVCJ9.eyJ1c2VySWQiOiI2NWU4ZGMxMjczYzBiNWM0ZDNkNjI1OTUiLCJ1c2VybmFtZSI6ImNqc3RvY2t4QGdtYWlsLmNvbSIsImlhdCI6MTcxMzkwMjU2MX0.BjVZfk0Y0_MzGd4ntTvER0YMnyUGQ8Llq_zsslxibHw
[0] tessssxxx {
[0]   userId: '65e8dc1273c0b5c4d3d62595',
[0]   username: 'cjstockx@gmail.com',
[0]   iat: 1713902561
[0] }
[0] eyJhbGciOiJIUzI1NiIsInR5cCI6IkpXVCJ9.eyJ1c2VySWQiOiI2NWU4ZGMxMjczYzBiNWM0ZDNkNjI1OTUiLCJ1c2VybmFtZSI6ImNqc3RvY2t4QGdtYWlsLmNvbSIsImlhdCI6MTcxMzkwMjU2MX0.BjVZfk0Y0_MzGd4ntTvER0YMnyUGQ8Llq_zsslxibHw
[0] tessssxxx {
[0]   userId: '65e8dc1273c0b5c4d3d62595',
[0]   username: 'cjstockx@gmail.com',
[0]   iat: 1713902561
[0] }
[0] eyJhbGciOiJIUzI1NiIsInR5cCI6IkpXVCJ9.eyJ1c2VySWQiOiI2NWU4ZGMxMjczYzBiNWM0ZDNkNjI1OTUiLCJ1c2VybmFtZSI6ImNqc3RvY2t4QGdtYWlsLmNvbSIsImlhdCI6MTcxMzkwMjU2MX0.BjVZfk0Y0_MzGd4ntTvER0YMnyUGQ8Llq_zsslxibHw
[0] tessssxxx {
[0]   userId: '65e8dc1273c0b5c4d3d62595',
[0]   username: 'cjstockx@gmail.com',
[0]   iat: 1713902561
[0] }
[0] user:  {
[0]   emailNotifications: { loginNotification: true },
[0]   _id: new ObjectId('65e8dc1273c0b5c4d3d62595'),
[0]   username: 'cjstockx@gmail.com',
[0]   password: '$2b$10$RuUHwSUQlcwbHLfSZltAv.CGtk49Z.EIalCDIubWdnmqtZI3Zj6eG',
[0]   mfaSecret: 'IVRG2WZXI5HECVBKMY2E4XTLIVAXM6ZB',
[0]   tempSecret: '',
[0]   mfaEnabled: false,
[0]   emailMFAEnabled: true,
[0]   emailMFAVerificationCode: '297786',
[0]   verificationCode: '',
[0]   verificationCodeExpiresAt: null,
[0]   resetToken: '',
[0]   resetTokenExpiration: null,
[0]   emailNotification: { loginNotification: true },
[0]   __v: 0
[0] }
[0] { loginNotification: true }
[0] eyJhbGciOiJIUzI1NiIsInR5cCI6IkpXVCJ9.eyJ1c2VySWQiOiI2NWU4ZGMxMjczYzBiNWM0ZDNkNjI1OTUiLCJ1c2VybmFtZSI6ImNqc3RvY2t4QGdtYWlsLmNvbSIsImlhdCI6MTcxMzkwMjU2MX0.BjVZfk0Y0_MzGd4ntTvER0YMnyUGQ8Llq_zsslxibHw
[0] tessssxxx {
[0]   userId: '65e8dc1273c0b5c4d3d62595',
[0]   username: 'cjstockx@gmail.com',
[0]   iat: 1713902561
[0] }
[0] eyJhbGciOiJIUzI1NiIsInR5cCI6IkpXVCJ9.eyJ1c2VySWQiOiI2NWU4ZGMxMjczYzBiNWM0ZDNkNjI1OTUiLCJ1c2VybmFtZSI6ImNqc3RvY2t4QGdtYWlsLmNvbSIsImlhdCI6MTcxMzkwMjU2MX0.BjVZfk0Y0_MzGd4ntTvER0YMnyUGQ8Llq_zsslxibHw
[0] tessssxxx {
[0]   userId: '65e8dc1273c0b5c4d3d62595',
[0]   username: 'cjstockx@gmail.com',
[0]   iat: 1713902561
[0] }
[0] eyJhbGciOiJIUzI1NiIsInR5cCI6IkpXVCJ9.eyJ1c2VySWQiOiI2NWU4ZGMxMjczYzBiNWM0ZDNkNjI1OTUiLCJ1c2VybmFtZSI6ImNqc3RvY2t4QGdtYWlsLmNvbSIsImlhdCI6MTcxMzkwMjU2MX0.BjVZfk0Y0_MzGd4ntTvER0YMnyUGQ8Llq_zsslxibHw
[0] tessssxxx {
[0]   userId: '65e8dc1273c0b5c4d3d62595',
[0]   username: 'cjstockx@gmail.com',
[0]   iat: 1713902561
[0] }
[0] user:  {
[0]   emailNotifications: { loginNotification: true },
[0]   _id: new ObjectId('65e8dc1273c0b5c4d3d62595'),
[0]   username: 'cjstockx@gmail.com',
[0]   password: '$2b$10$RuUHwSUQlcwbHLfSZltAv.CGtk49Z.EIalCDIubWdnmqtZI3Zj6eG',
[0]   mfaSecret: 'IVRG2WZXI5HECVBKMY2E4XTLIVAXM6ZB',
[0]   tempSecret: '',
[0]   mfaEnabled: false,
[0]   emailMFAEnabled: true,
[0]   emailMFAVerificationCode: '297786',
[0]   verificationCode: '',
[0]   verificationCodeExpiresAt: null,
[0]   resetToken: '',
[0]   resetTokenExpiration: null,
[0]   emailNotification: { loginNotification: true },
[0]   __v: 0
[0] }
[0] { loginNotification: true }
[0] eyJhbGciOiJIUzI1NiIsInR5cCI6IkpXVCJ9.eyJ1c2VySWQiOiI2NWU4ZGMxMjczYzBiNWM0ZDNkNjI1OTUiLCJ1c2VybmFtZSI6ImNqc3RvY2t4QGdtYWlsLmNvbSIsImlhdCI6MTcxMzkwMjU2MX0.BjVZfk0Y0_MzGd4ntTvER0YMnyUGQ8Llq_zsslxibHw
[0] tessssxxx {
[0]   userId: '65e8dc1273c0b5c4d3d62595',
[0]   username: 'cjstockx@gmail.com',
[0]   iat: 1713902561
[0] }
[0] eyJhbGciOiJIUzI1NiIsInR5cCI6IkpXVCJ9.eyJ1c2VySWQiOiI2NWU4ZGMxMjczYzBiNWM0ZDNkNjI1OTUiLCJ1c2VybmFtZSI6ImNqc3RvY2t4QGdtYWlsLmNvbSIsImlhdCI6MTcxMzkwMjU2MX0.BjVZfk0Y0_MzGd4ntTvER0YMnyUGQ8Llq_zsslxibHw
[0] tessssxxx {
[0]   userId: '65e8dc1273c0b5c4d3d62595',
[0]   username: 'cjstockx@gmail.com',
[0]   iat: 1713902561
[0] }
[0] eyJhbGciOiJIUzI1NiIsInR5cCI6IkpXVCJ9.eyJ1c2VySWQiOiI2NWU4ZGMxMjczYzBiNWM0ZDNkNjI1OTUiLCJ1c2VybmFtZSI6ImNqc3RvY2t4QGdtYWlsLmNvbSIsImlhdCI6MTcxMzkwMjU2MX0.BjVZfk0Y0_MzGd4ntTvER0YMnyUGQ8Llq_zsslxibHw
[0] tessssxxx {
[0]   userId: '65e8dc1273c0b5c4d3d62595',
[0]   username: 'cjstockx@gmail.com',
[0]   iat: 1713902561
[0] }
[0] user:  {
[0]   emailNotifications: { loginNotification: true },
[0]   _id: new ObjectId('65e8dc1273c0b5c4d3d62595'),
[0]   username: 'cjstockx@gmail.com',
[0]   password: '$2b$10$CVCrzEcFVUYJ8A52SOah3OsRb9QDbBjVkVVaYTJUdwdKqrLRaNw1e',
[0]   mfaSecret: 'IVRG2WZXI5HECVBKMY2E4XTLIVAXM6ZB',
[0]   tempSecret: '',
[0]   mfaEnabled: false,
[0]   emailMFAEnabled: true,
[0]   emailMFAVerificationCode: '297786',
[0]   verificationCode: '',
[0]   verificationCodeExpiresAt: null,
[0]   resetToken: '',
[0]   resetTokenExpiration: null,
[0]   emailNotification: { loginNotification: true },
[0]   __v: 0
[0] }
[0] { loginNotification: true }
[0] eyJhbGciOiJIUzI1NiIsInR5cCI6IkpXVCJ9.eyJ1c2VySWQiOiI2NWU4ZGMxMjczYzBiNWM0ZDNkNjI1OTUiLCJ1c2VybmFtZSI6ImNqc3RvY2t4QGdtYWlsLmNvbSIsImlhdCI6MTcxMzkwMjU2MX0.BjVZfk0Y0_MzGd4ntTvER0YMnyUGQ8Llq_zsslxibHw
[0] tessssxxx {
[0]   userId: '65e8dc1273c0b5c4d3d62595',
[0]   username: 'cjstockx@gmail.com',
[0]   iat: 1713902561
[0] }
[0] eyJhbGciOiJIUzI1NiIsInR5cCI6IkpXVCJ9.eyJ1c2VySWQiOiI2NWU4ZGMxMjczYzBiNWM0ZDNkNjI1OTUiLCJ1c2VybmFtZSI6ImNqc3RvY2t4QGdtYWlsLmNvbSIsImlhdCI6MTcxMzkwMjU2MX0.BjVZfk0Y0_MzGd4ntTvER0YMnyUGQ8Llq_zsslxibHw
[0] tessssxxx {
[0]   userId: '65e8dc1273c0b5c4d3d62595',
[0]   username: 'cjstockx@gmail.com',
[0]   iat: 1713902561
[0] }
[0] eyJhbGciOiJIUzI1NiIsInR5cCI6IkpXVCJ9.eyJ1c2VySWQiOiI2NWU4ZGMxMjczYzBiNWM0ZDNkNjI1OTUiLCJ1c2VybmFtZSI6ImNqc3RvY2t4QGdtYWlsLmNvbSIsImlhdCI6MTcxMzkwMjU2MX0.BjVZfk0Y0_MzGd4ntTvER0YMnyUGQ8Llq_zsslxibHw
[0] tessssxxx {
[0]   userId: '65e8dc1273c0b5c4d3d62595',
[0]   username: 'cjstockx@gmail.com',
[0]   iat: 1713902561
[0] }
[0] eyJhbGciOiJIUzI1NiIsInR5cCI6IkpXVCJ9.eyJ1c2VySWQiOiI2NWU4ZGMxMjczYzBiNWM0ZDNkNjI1OTUiLCJ1c2VybmFtZSI6ImNqc3RvY2t4QGdtYWlsLmNvbSIsImlhdCI6MTcxMzkwMjU2MX0.BjVZfk0Y0_MzGd4ntTvER0YMnyUGQ8Llq_zsslxibHw
[0] tessssxxx {
[0]   userId: '65e8dc1273c0b5c4d3d62595',
[0]   username: 'cjstockx@gmail.com',
[0]   iat: 1713902561
[0] }
[0] user:  {
[0]   emailNotifications: { loginNotification: true },
[0]   _id: new ObjectId('65e8dc1273c0b5c4d3d62595'),
[0]   username: 'cjstockx@gmail.com',
[0]   password: '$2b$10$CVCrzEcFVUYJ8A52SOah3OsRb9QDbBjVkVVaYTJUdwdKqrLRaNw1e',
[0]   mfaSecret: 'IVRG2WZXI5HECVBKMY2E4XTLIVAXM6ZB',
[0]   tempSecret: '',
[0]   mfaEnabled: false,
[0]   emailMFAEnabled: true,
[0]   emailMFAVerificationCode: '297786',
[0]   verificationCode: '',
[0]   verificationCodeExpiresAt: null,
[0]   resetToken: '',
[0]   resetTokenExpiration: null,
[0]   emailNotification: { loginNotification: true },
[0]   __v: 0
[0] }
[0] { loginNotification: true }
[0] eyJhbGciOiJIUzI1NiIsInR5cCI6IkpXVCJ9.eyJ1c2VySWQiOiI2NWU4ZGMxMjczYzBiNWM0ZDNkNjI1OTUiLCJ1c2VybmFtZSI6ImNqc3RvY2t4QGdtYWlsLmNvbSIsImlhdCI6MTcxMzkwMjU2MX0.BjVZfk0Y0_MzGd4ntTvER0YMnyUGQ8Llq_zsslxibHw
[0] tessssxxx {
[0]   userId: '65e8dc1273c0b5c4d3d62595',
[0]   username: 'cjstockx@gmail.com',
[0]   iat: 1713902561
[0] }
[0] eyJhbGciOiJIUzI1NiIsInR5cCI6IkpXVCJ9.eyJ1c2VySWQiOiI2NWU4ZGMxMjczYzBiNWM0ZDNkNjI1OTUiLCJ1c2VybmFtZSI6ImNqc3RvY2t4QGdtYWlsLmNvbSIsImlhdCI6MTcxMzkwMjU2MX0.BjVZfk0Y0_MzGd4ntTvER0YMnyUGQ8Llq_zsslxibHw
[0] tessssxxx {
[0]   userId: '65e8dc1273c0b5c4d3d62595',
[0]   username: 'cjstockx@gmail.com',
[0]   iat: 1713902561
[0] }
[0] eyJhbGciOiJIUzI1NiIsInR5cCI6IkpXVCJ9.eyJ1c2VySWQiOiI2NWU4ZGMxMjczYzBiNWM0ZDNkNjI1OTUiLCJ1c2VybmFtZSI6ImNqc3RvY2t4QGdtYWlsLmNvbSIsImlhdCI6MTcxMzkwMjU2MX0.BjVZfk0Y0_MzGd4ntTvER0YMnyUGQ8Llq_zsslxibHw
[0] tessssxxx {
[0]   userId: '65e8dc1273c0b5c4d3d62595',
[0]   username: 'cjstockx@gmail.com',
[0]   iat: 1713902561
[0] }
[0] eyJhbGciOiJIUzI1NiIsInR5cCI6IkpXVCJ9.eyJ1c2VySWQiOiI2NWU4ZGMxMjczYzBiNWM0ZDNkNjI1OTUiLCJ1c2VybmFtZSI6ImNqc3RvY2t4QGdtYWlsLmNvbSIsImlhdCI6MTcxMzkwMjU2MX0.BjVZfk0Y0_MzGd4ntTvER0YMnyUGQ8Llq_zsslxibHw
[0] tessssxxx {
[0]   userId: '65e8dc1273c0b5c4d3d62595',
[0]   username: 'cjstockx@gmail.com',
[0]   iat: 1713902561
[0] }
[0] Verification email sent successfully!
[0] Pass123!
[0] Pass123!
[0] eyJhbGciOiJIUzI1NiIsInR5cCI6IkpXVCJ9.eyJ1c2VySWQiOiI2NjI4NGM0NTFiZjEzZTEwMjY2MjI1YjkiLCJ1c2VybmFtZSI6Im9saXZlcmNsYXNzMjJAZ21haWwuY29tIiwiaWF0IjoxNzEzOTE3MDQxfQ.UbTsEEXfErvvf3SpY4CPQsc7nzLc4PQdDPYHVqn97vI
[0] tessssxxx {
[0]   userId: '66284c451bf13e10266225b9',
[0]   username: 'oliverclass22@gmail.com',
[0]   iat: 1713917041
[0] }
[0] Login Email sent successfully!  {
[0]   accepted: [ 'oliverclass22@gmail.com' ],
[0]   rejected: [],
[0]   ehlo: [
[0]     'AUTH PLAIN LOGIN',
[0]     'SIZE 52428800',
[0]     '8BITMIME',
[0]     'SMTPUTF8',
[0]     'PIPELINING'
[0]   ],
[0]   envelopeTime: 35,
[0]   messageTime: 67,
[0]   messageSize: 2722,
[0]   response: '250 Great success',
[0]   envelope: {
[0]     from: 'noreply@noreply.safekey.gg',
[0]     to: [ 'oliverclass22@gmail.com' ]
[0]   },
[0]   messageId: '<fce102d0-9094-1c96-4a02-988bb031c026@noreply.safekey.gg>'
[0] }
[0] eyJhbGciOiJIUzI1NiIsInR5cCI6IkpXVCJ9.eyJ1c2VySWQiOiI2NjI4NGM0NTFiZjEzZTEwMjY2MjI1YjkiLCJ1c2VybmFtZSI6Im9saXZlcmNsYXNzMjJAZ21haWwuY29tIiwiaWF0IjoxNzEzOTE3MDQxfQ.UbTsEEXfErvvf3SpY4CPQsc7nzLc4PQdDPYHVqn97vI
[0] tessssxxx {
[0]   userId: '66284c451bf13e10266225b9',
[0]   username: 'oliverclass22@gmail.com',
[0]   iat: 1713917041
[0] }
[0] eyJhbGciOiJIUzI1NiIsInR5cCI6IkpXVCJ9.eyJ1c2VySWQiOiI2NjI4NGM0NTFiZjEzZTEwMjY2MjI1YjkiLCJ1c2VybmFtZSI6Im9saXZlcmNsYXNzMjJAZ21haWwuY29tIiwiaWF0IjoxNzEzOTE3MDQxfQ.UbTsEEXfErvvf3SpY4CPQsc7nzLc4PQdDPYHVqn97vI
[0] tessssxxx {
[0]   userId: '66284c451bf13e10266225b9',
[0]   username: 'oliverclass22@gmail.com',
[0]   iat: 1713917041
[0] }
[0] eyJhbGciOiJIUzI1NiIsInR5cCI6IkpXVCJ9.eyJ1c2VySWQiOiI2NjI4NGM0NTFiZjEzZTEwMjY2MjI1YjkiLCJ1c2VybmFtZSI6Im9saXZlcmNsYXNzMjJAZ21haWwuY29tIiwiaWF0IjoxNzEzOTE3MDQxfQ.UbTsEEXfErvvf3SpY4CPQsc7nzLc4PQdDPYHVqn97vI
[0] tessssxxx {
[0]   userId: '66284c451bf13e10266225b9',
[0]   username: 'oliverclass22@gmail.com',
[0]   iat: 1713917041
[0] }
[0] eyJhbGciOiJIUzI1NiIsInR5cCI6IkpXVCJ9.eyJ1c2VySWQiOiI2NjI4NGM0NTFiZjEzZTEwMjY2MjI1YjkiLCJ1c2VybmFtZSI6Im9saXZlcmNsYXNzMjJAZ21haWwuY29tIiwiaWF0IjoxNzEzOTE3MDQxfQ.UbTsEEXfErvvf3SpY4CPQsc7nzLc4PQdDPYHVqn97vI
[0] tessssxxx {
[0]   userId: '66284c451bf13e10266225b9',
[0]   username: 'oliverclass22@gmail.com',
[0]   iat: 1713917041
[0] }
[0] eyJhbGciOiJIUzI1NiIsInR5cCI6IkpXVCJ9.eyJ1c2VySWQiOiI2NjI4NGM0NTFiZjEzZTEwMjY2MjI1YjkiLCJ1c2VybmFtZSI6Im9saXZlcmNsYXNzMjJAZ21haWwuY29tIiwiaWF0IjoxNzEzOTE3MDQxfQ.UbTsEEXfErvvf3SpY4CPQsc7nzLc4PQdDPYHVqn97vI
[0] tessssxxx {
[0]   userId: '66284c451bf13e10266225b9',
[0]   username: 'oliverclass22@gmail.com',
[0]   iat: 1713917041
[0] }
[0] eyJhbGciOiJIUzI1NiIsInR5cCI6IkpXVCJ9.eyJ1c2VySWQiOiI2NjI4NGM0NTFiZjEzZTEwMjY2MjI1YjkiLCJ1c2VybmFtZSI6Im9saXZlcmNsYXNzMjJAZ21haWwuY29tIiwiaWF0IjoxNzEzOTE3MDQxfQ.UbTsEEXfErvvf3SpY4CPQsc7nzLc4PQdDPYHVqn97vI
[0] tessssxxx {
[0]   userId: '66284c451bf13e10266225b9',
[0]   username: 'oliverclass22@gmail.com',
[0]   iat: 1713917041
[0] }
[0] eyJhbGciOiJIUzI1NiIsInR5cCI6IkpXVCJ9.eyJ1c2VySWQiOiI2NjI4NGM0NTFiZjEzZTEwMjY2MjI1YjkiLCJ1c2VybmFtZSI6Im9saXZlcmNsYXNzMjJAZ21haWwuY29tIiwiaWF0IjoxNzEzOTE3MDQxfQ.UbTsEEXfErvvf3SpY4CPQsc7nzLc4PQdDPYHVqn97vI
[0] tessssxxx {
[0]   userId: '66284c451bf13e10266225b9',
[0]   username: 'oliverclass22@gmail.com',
[0]   iat: 1713917041
[0] }
[0] eyJhbGciOiJIUzI1NiIsInR5cCI6IkpXVCJ9.eyJ1c2VySWQiOiI2NjI4NGM0NTFiZjEzZTEwMjY2MjI1YjkiLCJ1c2VybmFtZSI6Im9saXZlcmNsYXNzMjJAZ21haWwuY29tIiwiaWF0IjoxNzEzOTE3MDQxfQ.UbTsEEXfErvvf3SpY4CPQsc7nzLc4PQdDPYHVqn97vI
[0] tessssxxx {
[0]   userId: '66284c451bf13e10266225b9',
[0]   username: 'oliverclass22@gmail.com',
[0]   iat: 1713917041
[0] }
[0] eyJhbGciOiJIUzI1NiIsInR5cCI6IkpXVCJ9.eyJ1c2VySWQiOiI2NjI4NGM0NTFiZjEzZTEwMjY2MjI1YjkiLCJ1c2VybmFtZSI6Im9saXZlcmNsYXNzMjJAZ21haWwuY29tIiwiaWF0IjoxNzEzOTE3MDQxfQ.UbTsEEXfErvvf3SpY4CPQsc7nzLc4PQdDPYHVqn97vI
[0] tessssxxx {
[0]   userId: '66284c451bf13e10266225b9',
[0]   username: 'oliverclass22@gmail.com',
[0]   iat: 1713917041
[0] }
[0] eyJhbGciOiJIUzI1NiIsInR5cCI6IkpXVCJ9.eyJ1c2VySWQiOiI2NjI4NGM0NTFiZjEzZTEwMjY2MjI1YjkiLCJ1c2VybmFtZSI6Im9saXZlcmNsYXNzMjJAZ21haWwuY29tIiwiaWF0IjoxNzEzOTE3MDQxfQ.UbTsEEXfErvvf3SpY4CPQsc7nzLc4PQdDPYHVqn97vI
[0] tessssxxx {
[0]   userId: '66284c451bf13e10266225b9',
[0]   username: 'oliverclass22@gmail.com',
[0]   iat: 1713917041
[0] }
[0] eyJhbGciOiJIUzI1NiIsInR5cCI6IkpXVCJ9.eyJ1c2VySWQiOiI2NjI4NGM0NTFiZjEzZTEwMjY2MjI1YjkiLCJ1c2VybmFtZSI6Im9saXZlcmNsYXNzMjJAZ21haWwuY29tIiwiaWF0IjoxNzEzOTE3MDQxfQ.UbTsEEXfErvvf3SpY4CPQsc7nzLc4PQdDPYHVqn97vI
[0] tessssxxx {
[0]   userId: '66284c451bf13e10266225b9',
[0]   username: 'oliverclass22@gmail.com',
[0]   iat: 1713917041
[0] }
[0] eyJhbGciOiJIUzI1NiIsInR5cCI6IkpXVCJ9.eyJ1c2VySWQiOiI2NjI4NGM0NTFiZjEzZTEwMjY2MjI1YjkiLCJ1c2VybmFtZSI6Im9saXZlcmNsYXNzMjJAZ21haWwuY29tIiwiaWF0IjoxNzEzOTE3MDQxfQ.UbTsEEXfErvvf3SpY4CPQsc7nzLc4PQdDPYHVqn97vI
[0] tessssxxx {
[0]   userId: '66284c451bf13e10266225b9',
[0]   username: 'oliverclass22@gmail.com',
[0]   iat: 1713917041
[0] }
[0] user:  {
[0]   emailNotifications: { loginNotification: true },
[0]   _id: new ObjectId('66284c451bf13e10266225b9'),
[0]   username: 'oliverclass22@gmail.com',
[0]   password: '$2b$10$Ln.VoHrCbc8FpmTPLX4zt.r0i59Gl17f15c/G28uyQ979lKA5Nj1m',
[0]   mfaSecret: '',
[0]   tempSecret: '',
[0]   mfaEnabled: false,
[0]   emailMFAEnabled: false,
[0]   emailMFAVerificationCode: '',
[0]   verificationCode: '',
[0]   verificationCodeExpiresAt: null,
[0]   resetToken: '',
[0]   resetTokenExpiration: null,
[0]   __v: 0
[0] }
[0] { loginNotification: true }
[0] eyJhbGciOiJIUzI1NiIsInR5cCI6IkpXVCJ9.eyJ1c2VySWQiOiI2NjI4NGM0NTFiZjEzZTEwMjY2MjI1YjkiLCJ1c2VybmFtZSI6Im9saXZlcmNsYXNzMjJAZ21haWwuY29tIiwiaWF0IjoxNzEzOTE3MDQxfQ.UbTsEEXfErvvf3SpY4CPQsc7nzLc4PQdDPYHVqn97vI
[0] tessssxxx {
[0]   userId: '66284c451bf13e10266225b9',
[0]   username: 'oliverclass22@gmail.com',
[0]   iat: 1713917041
[0] }
[0] eyJhbGciOiJIUzI1NiIsInR5cCI6IkpXVCJ9.eyJ1c2VySWQiOiI2NjI4NGM0NTFiZjEzZTEwMjY2MjI1YjkiLCJ1c2VybmFtZSI6Im9saXZlcmNsYXNzMjJAZ21haWwuY29tIiwiaWF0IjoxNzEzOTE3MDQxfQ.UbTsEEXfErvvf3SpY4CPQsc7nzLc4PQdDPYHVqn97vI
[0] tessssxxx {
[0]   userId: '66284c451bf13e10266225b9',
[0]   username: 'oliverclass22@gmail.com',
[0]   iat: 1713917041
[0] }
[0] eyJhbGciOiJIUzI1NiIsInR5cCI6IkpXVCJ9.eyJ1c2VySWQiOiI2NjI4NGM0NTFiZjEzZTEwMjY2MjI1YjkiLCJ1c2VybmFtZSI6Im9saXZlcmNsYXNzMjJAZ21haWwuY29tIiwiaWF0IjoxNzEzOTE3MDQxfQ.UbTsEEXfErvvf3SpY4CPQsc7nzLc4PQdDPYHVqn97vI
[0] tessssxxx {
[0]   userId: '66284c451bf13e10266225b9',
[0]   username: 'oliverclass22@gmail.com',
[0]   iat: 1713917041
[0] }
[0] user:  {
[0]   emailNotifications: { loginNotification: true },
[0]   _id: new ObjectId('66284c451bf13e10266225b9'),
[0]   username: 'oliverclass22@gmail.com',
[0]   password: '$2b$10$Ln.VoHrCbc8FpmTPLX4zt.r0i59Gl17f15c/G28uyQ979lKA5Nj1m',
[0]   mfaSecret: '',
[0]   tempSecret: '',
[0]   mfaEnabled: false,
[0]   emailMFAEnabled: false,
[0]   emailMFAVerificationCode: '',
[0]   verificationCode: '',
[0]   verificationCodeExpiresAt: null,
[0]   resetToken: '',
[0]   resetTokenExpiration: null,
[0]   __v: 0
[0] }
[0] { loginNotification: true }
[0] eyJhbGciOiJIUzI1NiIsInR5cCI6IkpXVCJ9.eyJ1c2VySWQiOiI2NjI4NGM0NTFiZjEzZTEwMjY2MjI1YjkiLCJ1c2VybmFtZSI6Im9saXZlcmNsYXNzMjJAZ21haWwuY29tIiwiaWF0IjoxNzEzOTE3MDQxfQ.UbTsEEXfErvvf3SpY4CPQsc7nzLc4PQdDPYHVqn97vI
[0] tessssxxx {
[0]   userId: '66284c451bf13e10266225b9',
[0]   username: 'oliverclass22@gmail.com',
[0]   iat: 1713917041
[0] }
[0] eyJhbGciOiJIUzI1NiIsInR5cCI6IkpXVCJ9.eyJ1c2VySWQiOiI2NjI4NGM0NTFiZjEzZTEwMjY2MjI1YjkiLCJ1c2VybmFtZSI6Im9saXZlcmNsYXNzMjJAZ21haWwuY29tIiwiaWF0IjoxNzEzOTE3MDQxfQ.UbTsEEXfErvvf3SpY4CPQsc7nzLc4PQdDPYHVqn97vI
[0] tessssxxx {
[0]   userId: '66284c451bf13e10266225b9',
[0]   username: 'oliverclass22@gmail.com',
[0]   iat: 1713917041
[0] }
[0] eyJhbGciOiJIUzI1NiIsInR5cCI6IkpXVCJ9.eyJ1c2VySWQiOiI2NjI4NGM0NTFiZjEzZTEwMjY2MjI1YjkiLCJ1c2VybmFtZSI6Im9saXZlcmNsYXNzMjJAZ21haWwuY29tIiwiaWF0IjoxNzEzOTE3MDQxfQ.UbTsEEXfErvvf3SpY4CPQsc7nzLc4PQdDPYHVqn97vI
[0] tessssxxx {
[0]   userId: '66284c451bf13e10266225b9',
[0]   username: 'oliverclass22@gmail.com',
[0]   iat: 1713917041
[0] }
[0] user:  {
[0]   emailNotifications: { loginNotification: true },
[0]   _id: new ObjectId('66284c451bf13e10266225b9'),
[0]   username: 'oliverclass22@gmail.com',
[0]   password: '$2b$10$Ln.VoHrCbc8FpmTPLX4zt.r0i59Gl17f15c/G28uyQ979lKA5Nj1m',
[0]   mfaSecret: '',
[0]   tempSecret: '',
[0]   mfaEnabled: false,
[0]   emailMFAEnabled: false,
[0]   emailMFAVerificationCode: '',
[0]   verificationCode: '',
[0]   verificationCodeExpiresAt: null,
[0]   resetToken: '',
[0]   resetTokenExpiration: null,
[0]   __v: 0
[0] }
[0] { loginNotification: true }
[0] eyJhbGciOiJIUzI1NiIsInR5cCI6IkpXVCJ9.eyJ1c2VySWQiOiI2NjI4NGM0NTFiZjEzZTEwMjY2MjI1YjkiLCJ1c2VybmFtZSI6Im9saXZlcmNsYXNzMjJAZ21haWwuY29tIiwiaWF0IjoxNzEzOTE3MDQxfQ.UbTsEEXfErvvf3SpY4CPQsc7nzLc4PQdDPYHVqn97vI
[0] tessssxxx {
[0]   userId: '66284c451bf13e10266225b9',
[0]   username: 'oliverclass22@gmail.com',
[0]   iat: 1713917041
[0] }
[0] eyJhbGciOiJIUzI1NiIsInR5cCI6IkpXVCJ9.eyJ1c2VySWQiOiI2NjI4NGM0NTFiZjEzZTEwMjY2MjI1YjkiLCJ1c2VybmFtZSI6Im9saXZlcmNsYXNzMjJAZ21haWwuY29tIiwiaWF0IjoxNzEzOTE3MDQxfQ.UbTsEEXfErvvf3SpY4CPQsc7nzLc4PQdDPYHVqn97vI
[0] tessssxxx {
[0]   userId: '66284c451bf13e10266225b9',
[0]   username: 'oliverclass22@gmail.com',
[0]   iat: 1713917041
[0] }
[0] eyJhbGciOiJIUzI1NiIsInR5cCI6IkpXVCJ9.eyJ1c2VySWQiOiI2NjI4NGM0NTFiZjEzZTEwMjY2MjI1YjkiLCJ1c2VybmFtZSI6Im9saXZlcmNsYXNzMjJAZ21haWwuY29tIiwiaWF0IjoxNzEzOTE3MDQxfQ.UbTsEEXfErvvf3SpY4CPQsc7nzLc4PQdDPYHVqn97vI
[0] tessssxxx {
[0]   userId: '66284c451bf13e10266225b9',
[0]   username: 'oliverclass22@gmail.com',
[0]   iat: 1713917041
[0] }
[0] eyJhbGciOiJIUzI1NiIsInR5cCI6IkpXVCJ9.eyJ1c2VySWQiOiI2NjI4NGM0NTFiZjEzZTEwMjY2MjI1YjkiLCJ1c2VybmFtZSI6Im9saXZlcmNsYXNzMjJAZ21haWwuY29tIiwiaWF0IjoxNzEzOTE3MDQxfQ.UbTsEEXfErvvf3SpY4CPQsc7nzLc4PQdDPYHVqn97vI
[0] tessssxxx {
[0]   userId: '66284c451bf13e10266225b9',
[0]   username: 'oliverclass22@gmail.com',
[0]   iat: 1713917041
[0] }
[0] eyJhbGciOiJIUzI1NiIsInR5cCI6IkpXVCJ9.eyJ1c2VySWQiOiI2NjI4NGM0NTFiZjEzZTEwMjY2MjI1YjkiLCJ1c2VybmFtZSI6Im9saXZlcmNsYXNzMjJAZ21haWwuY29tIiwiaWF0IjoxNzEzOTE3MDQxfQ.UbTsEEXfErvvf3SpY4CPQsc7nzLc4PQdDPYHVqn97vI
[0] tessssxxx {
[0]   userId: '66284c451bf13e10266225b9',
[0]   username: 'oliverclass22@gmail.com',
[0]   iat: 1713917041
[0] }
[0] eyJhbGciOiJIUzI1NiIsInR5cCI6IkpXVCJ9.eyJ1c2VySWQiOiI2NjI4NGM0NTFiZjEzZTEwMjY2MjI1YjkiLCJ1c2VybmFtZSI6Im9saXZlcmNsYXNzMjJAZ21haWwuY29tIiwiaWF0IjoxNzEzOTE3MDQxfQ.UbTsEEXfErvvf3SpY4CPQsc7nzLc4PQdDPYHVqn97vI
[0] tessssxxx {
[0]   userId: '66284c451bf13e10266225b9',
[0]   username: 'oliverclass22@gmail.com',
[0]   iat: 1713917041
[0] }
[0] eyJhbGciOiJIUzI1NiIsInR5cCI6IkpXVCJ9.eyJ1c2VySWQiOiI2NjI4NGM0NTFiZjEzZTEwMjY2MjI1YjkiLCJ1c2VybmFtZSI6Im9saXZlcmNsYXNzMjJAZ21haWwuY29tIiwiaWF0IjoxNzEzOTE3MDQxfQ.UbTsEEXfErvvf3SpY4CPQsc7nzLc4PQdDPYHVqn97vI
[0] tessssxxx {
[0]   userId: '66284c451bf13e10266225b9',
[0]   username: 'oliverclass22@gmail.com',
[0]   iat: 1713917041
[0] }
[0] eyJhbGciOiJIUzI1NiIsInR5cCI6IkpXVCJ9.eyJ1c2VySWQiOiI2NjI4NGM0NTFiZjEzZTEwMjY2MjI1YjkiLCJ1c2VybmFtZSI6Im9saXZlcmNsYXNzMjJAZ21haWwuY29tIiwiaWF0IjoxNzEzOTE3MDQxfQ.UbTsEEXfErvvf3SpY4CPQsc7nzLc4PQdDPYHVqn97vI
[0] tessssxxx {
[0]   userId: '66284c451bf13e10266225b9',
[0]   username: 'oliverclass22@gmail.com',
[0]   iat: 1713917041
[0] }
[0] eyJhbGciOiJIUzI1NiIsInR5cCI6IkpXVCJ9.eyJ1c2VySWQiOiI2NjI4NGM0NTFiZjEzZTEwMjY2MjI1YjkiLCJ1c2VybmFtZSI6Im9saXZlcmNsYXNzMjJAZ21haWwuY29tIiwiaWF0IjoxNzEzOTE3MDQxfQ.UbTsEEXfErvvf3SpY4CPQsc7nzLc4PQdDPYHVqn97vI
[0] tessssxxx {
[0]   userId: '66284c451bf13e10266225b9',
[0]   username: 'oliverclass22@gmail.com',
[0]   iat: 1713917041
[0] }
[0] user:  {
[0]   emailNotifications: { loginNotification: true },
[0]   _id: new ObjectId('66284c451bf13e10266225b9'),
[0]   username: 'oliverclass22@gmail.com',
[0]   password: '$2b$10$2yhdpBisHmmD4zH0/LnyEef6mjnbfym1gL0ktJnODpdw/jb9CXuce',
[0]   mfaSecret: 'IAUV23SNEUXUARKCIZEGONLTJBZUGV2G',
[0]   tempSecret: '',
[0]   mfaEnabled: false,
[0]   emailMFAEnabled: true,
[0]   emailMFAVerificationCode: '194976',
[0]   verificationCode: '',
[0]   verificationCodeExpiresAt: null,
[0]   resetToken: '',
[0]   resetTokenExpiration: null,
[0]   __v: 0
[0] }
[0] { loginNotification: true }
[0] (node:37572) Warning: An error event has already been emitted on the socket. Please use the destroy method on the socket while handling a 'clientError' event.
[0] (Use `node --trace-warnings ...` to show where the warning was created)
